# JRE version: Java(TM) SE Runtime Environment (8.0_131-b11) (build 1.8.0_131-b11)
# Java VM: Java HotSpot(TM) 64-Bit Server VM (25.131-b11 mixed mode windows-amd64 compressed oops)
Heap:
 PSYoungGen      total 337920K, used 80736K [0x00000000d5f00000, 0x00000000ec680000, 0x0000000100000000)
  eden space 329216K, 21% used [0x00000000d5f00000,0x00000000da55e418,0x00000000ea080000)
  from space 8704K, 99% used [0x00000000eb200000,0x00000000eba79f58,0x00000000eba80000)
  to   space 17920K, 0% used [0x00000000ea080000,0x00000000ea080000,0x00000000eb200000)
 ParOldGen       total 46080K, used 28115K [0x0000000081c00000, 0x0000000084900000, 0x00000000d5f00000)
  object space 46080K, 61% used [0x0000000081c00000,0x0000000083774f50,0x0000000084900000)
 Metaspace       used 34424K, capacity 34841K, committed 35072K, reserved 1081344K
  class space    used 3963K, capacity 4071K, committed 4096K, reserved 1048576K
GC Heap History (10 events):
Event: 2.390 GC heap before
{Heap before GC invocations=7 (full 1):
 PSYoungGen      total 71680K, used 68723K [0x00000000d5f00000, 0x00000000dea00000, 0x0000000100000000)
  eden space 66560K, 100% used [0x00000000d5f00000,0x00000000da000000,0x00000000da000000)
  from space 5120K, 42% used [0x00000000da000000,0x00000000da21cc20,0x00000000da500000)
  to   space 8704K, 0% used [0x00000000de180000,0x00000000de180000,0x00000000dea00000)
 ParOldGen       total 46080K, used 6543K [0x0000000081c00000, 0x0000000084900000, 0x00000000d5f00000)
  object space 46080K, 14% used [0x0000000081c00000,0x0000000082263dc8,0x0000000084900000)
 Metaspace       used 23207K, capacity 23461K, committed 23680K, reserved 1071104K
  class space    used 2584K, capacity 2663K, committed 2688K, reserved 1048576K
Event: 2.391 GC heap after
Heap after GC invocations=7 (full 1):
 PSYoungGen      total 133120K, used 656K [0x00000000d5f00000, 0x00000000dea80000, 0x0000000100000000)
  eden space 124416K, 0% used [0x00000000d5f00000,0x00000000d5f00000,0x00000000dd880000)
  from space 8704K, 7% used [0x00000000de180000,0x00000000de224020,0x00000000dea00000)
  to   space 9216K, 0% used [0x00000000dd880000,0x00000000dd880000,0x00000000de180000)
 ParOldGen       total 46080K, used 6551K [0x0000000081c00000, 0x0000000084900000, 0x00000000d5f00000)
  object space 46080K, 14% used [0x0000000081c00000,0x0000000082265dc8,0x0000000084900000)
 Metaspace       used 23207K, capacity 23461K, committed 23680K, reserved 1071104K
  class space    used 2584K, capacity 2663K, committed 2688K, reserved 1048576K
}
Event: 2.448 GC heap before
{Heap before GC invocations=8 (full 1):
 PSYoungGen      total 133120K, used 125072K [0x00000000d5f00000, 0x00000000dea80000, 0x0000000100000000)
  eden space 124416K, 100% used [0x00000000d5f00000,0x00000000dd880000,0x00000000dd880000)
  from space 8704K, 7% used [0x00000000de180000,0x00000000de224020,0x00000000dea00000)
  to   space 9216K, 0% used [0x00000000dd880000,0x00000000dd880000,0x00000000de180000)
 ParOldGen       total 46080K, used 6551K [0x0000000081c00000, 0x0000000084900000, 0x00000000d5f00000)
  object space 46080K, 14% used [0x0000000081c00000,0x0000000082265dc8,0x0000000084900000)
 Metaspace       used 24468K, capacity 24649K, committed 24832K, reserved 1071104K
  class space    used 2707K, capacity 2763K, committed 2816K, reserved 1048576K
Event: 2.449 GC heap after
Heap after GC invocations=8 (full 1):
 PSYoungGen      total 133632K, used 1179K [0x00000000d5f00000, 0x00000000e5180000, 0x0000000100000000)
  eden space 124416K, 0% used [0x00000000d5f00000,0x00000000d5f00000,0x00000000dd880000)
  from space 9216K, 12% used [0x00000000dd880000,0x00000000dd9a6de0,0x00000000de180000)
  to   space 9216K, 0% used [0x00000000e4880000,0x00000000e4880000,0x00000000e5180000)
 ParOldGen       total 46080K, used 6559K [0x0000000081c00000, 0x0000000084900000, 0x00000000d5f00000)
  object space 46080K, 14% used [0x0000000081c00000,0x0000000082267dc8,0x0000000084900000)
 Metaspace       used 24468K, capacity 24649K, committed 24832K, reserved 1071104K
  class space    used 2707K, capacity 2763K, committed 2816K, reserved 1048576K
}
Event: 2.504 GC heap before
{Heap before GC invocations=9 (full 1):
 PSYoungGen      total 133632K, used 125595K [0x00000000d5f00000, 0x00000000e5180000, 0x0000000100000000)
  eden space 124416K, 100% used [0x00000000d5f00000,0x00000000dd880000,0x00000000dd880000)
  from space 9216K, 12% used [0x00000000dd880000,0x00000000dd9a6de0,0x00000000de180000)
  to   space 9216K, 0% used [0x00000000e4880000,0x00000000e4880000,0x00000000e5180000)
 ParOldGen       total 46080K, used 6559K [0x0000000081c00000, 0x0000000084900000, 0x00000000d5f00000)
  object space 46080K, 14% used [0x0000000081c00000,0x0000000082267dc8,0x0000000084900000)
 Metaspace       used 25162K, capacity 25435K, committed 25728K, reserved 1073152K
  class space    used 2785K, capacity 2894K, committed 2944K, reserved 1048576K
Event: 2.506 GC heap after
Heap after GC invocations=9 (full 1):
 PSYoungGen      total 233984K, used 1861K [0x00000000d5f00000, 0x00000000e4f00000, 0x0000000100000000)
  eden space 227328K, 0% used [0x00000000d5f00000,0x00000000d5f00000,0x00000000e3d00000)
  from space 6656K, 27% used [0x00000000e4880000,0x00000000e4a51760,0x00000000e4f00000)
  to   space 9216K, 0% used [0x00000000e3d00000,0x00000000e3d00000,0x00000000e4600000)
 ParOldGen       total 46080K, used 6567K [0x0000000081c00000, 0x0000000084900000, 0x00000000d5f00000)
  object space 46080K, 14% used [0x0000000081c00000,0x0000000082269dc8,0x0000000084900000)
 Metaspace       used 25162K, capacity 25435K, committed 25728K, reserved 1073152K
  class space    used 2785K, capacity 2894K, committed 2944K, reserved 1048576K
}
Event: 2.597 GC heap before
{Heap before GC invocations=10 (full 1):
 PSYoungGen      total 233984K, used 229189K [0x00000000d5f00000, 0x00000000e4f00000, 0x0000000100000000)
  eden space 227328K, 100% used [0x00000000d5f00000,0x00000000e3d00000,0x00000000e3d00000)
  from space 6656K, 27% used [0x00000000e4880000,0x00000000e4a51760,0x00000000e4f00000)
  to   space 9216K, 0% used [0x00000000e3d00000,0x00000000e3d00000,0x00000000e4600000)
 ParOldGen       total 46080K, used 6567K [0x0000000081c00000, 0x0000000084900000, 0x00000000d5f00000)
  object space 46080K, 14% used [0x0000000081c00000,0x0000000082269dc8,0x0000000084900000)
 Metaspace       used 25795K, capacity 26119K, committed 26368K, reserved 1073152K
  class space    used 2843K, capacity 2966K, committed 3072K, reserved 1048576K
Event: 2.599 GC heap after
Heap after GC invocations=10 (full 1):
 PSYoungGen      total 236544K, used 2320K [0x00000000d5f00000, 0x00000000eba80000, 0x0000000100000000)
  eden space 227328K, 0% used [0x00000000d5f00000,0x00000000d5f00000,0x00000000e3d00000)
  from space 9216K, 25% used [0x00000000e3d00000,0x00000000e3f44070,0x00000000e4600000)
  to   space 8704K, 0% used [0x00000000eb200000,0x00000000eb200000,0x00000000eba80000)
 ParOldGen       total 46080K, used 6972K [0x0000000081c00000, 0x0000000084900000, 0x00000000d5f00000)
  object space 46080K, 15% used [0x0000000081c00000,0x00000000822cf1d8,0x0000000084900000)
 Metaspace       used 25795K, capacity 26119K, committed 26368K, reserved 1073152K
  class space    used 2843K, capacity 2966K, committed 3072K, reserved 1048576K
}
Event: 24.245 GC heap before
{Heap before GC invocations=11 (full 1):
 PSYoungGen      total 236544K, used 229648K [0x00000000d5f00000, 0x00000000eba80000, 0x0000000100000000)
  eden space 227328K, 100% used [0x00000000d5f00000,0x00000000e3d00000,0x00000000e3d00000)
  from space 9216K, 25% used [0x00000000e3d00000,0x00000000e3f44070,0x00000000e4600000)
  to   space 8704K, 0% used [0x00000000eb200000,0x00000000eb200000,0x00000000eba80000)
 ParOldGen       total 46080K, used 6972K [0x0000000081c00000, 0x0000000084900000, 0x00000000d5f00000)
  object space 46080K, 15% used [0x0000000081c00000,0x00000000822cf1d8,0x0000000084900000)
 Metaspace       used 34325K, capacity 34713K, committed 34816K, reserved 1079296K
  class space    used 3958K, capacity 4071K, committed 4096K, reserved 1048576K
Event: 24.258 GC heap after
Heap after GC invocations=11 (full 1):
 PSYoungGen      total 337920K, used 8679K [0x00000000d5f00000, 0x00000000ec680000, 0x0000000100000000)
  eden space 329216K, 0% used [0x00000000d5f00000,0x00000000d5f00000,0x00000000ea080000)
  from space 8704K, 99% used [0x00000000eb200000,0x00000000eba79f58,0x00000000eba80000)
  to   space 17920K, 0% used [0x00000000ea080000,0x00000000ea080000,0x00000000eb200000)
 ParOldGen       total 46080K, used 28115K [0x0000000081c00000, 0x0000000084900000, 0x00000000d5f00000)
  object space 46080K, 61% used [0x0000000081c00000,0x0000000083774f50,0x0000000084900000)
 Metaspace       used 34325K, capacity 34713K, committed 34816K, reserved 1079296K
  class space    used 3958K, capacity 4071K, committed 4096K, reserved 1048576K
}

