# JRE version: Java(TM) SE Runtime Environment (8.0_131-b11) (build 1.8.0_131-b11)
# Java VM: Java HotSpot(TM) 64-Bit Server VM (25.131-b11 mixed mode windows-amd64 compressed oops)
Heap:
 PSYoungGen      total 213504K, used 195028K [0x00000000d5f00000, 0x00000000e8e00000, 0x0000000100000000)
  eden space 204800K, 94% used [0x00000000d5f00000,0x00000000e1b09d38,0x00000000e2700000)
  from space 8704K, 28% used [0x00000000e2700000,0x00000000e296b6c0,0x00000000e2f80000)
  to   space 8704K, 0% used [0x00000000e8580000,0x00000000e8580000,0x00000000e8e00000)
 ParOldGen       total 48640K, used 7349K [0x0000000081c00000, 0x0000000084b80000, 0x00000000d5f00000)
  object space 48640K, 15% used [0x0000000081c00000,0x000000008232d578,0x0000000084b80000)
 Metaspace       used 32338K, capacity 32675K, committed 32896K, reserved 1079296K
  class space    used 3606K, capacity 3694K, committed 3712K, reserved 1048576K
GC Heap History (10 events):
Event: 1.194 GC heap before
{Heap before GC invocations=6 (full 1):
 PSYoungGen      total 71680K, used 66560K [0x00000000d5f00000, 0x00000000daa00000, 0x0000000100000000)
  eden space 66560K, 100% used [0x00000000d5f00000,0x00000000da000000,0x00000000da000000)
  from space 5120K, 0% used [0x00000000da500000,0x00000000da500000,0x00000000daa00000)
  to   space 5120K, 0% used [0x00000000da000000,0x00000000da000000,0x00000000da500000)
 ParOldGen       total 48640K, used 6536K [0x0000000081c00000, 0x0000000084b80000, 0x00000000d5f00000)
  object space 48640K, 13% used [0x0000000081c00000,0x0000000082262168,0x0000000084b80000)
 Metaspace       used 24179K, capacity 24393K, committed 24576K, reserved 1071104K
  class space    used 2701K, capacity 2763K, committed 2816K, reserved 1048576K
Event: 1.196 GC heap after
Heap after GC invocations=6 (full 1):
 PSYoungGen      total 71680K, used 2429K [0x00000000d5f00000, 0x00000000de480000, 0x0000000100000000)
  eden space 66560K, 0% used [0x00000000d5f00000,0x00000000d5f00000,0x00000000da000000)
  from space 5120K, 47% used [0x00000000da000000,0x00000000da25f490,0x00000000da500000)
  to   space 8704K, 0% used [0x00000000ddc00000,0x00000000ddc00000,0x00000000de480000)
 ParOldGen       total 48640K, used 6544K [0x0000000081c00000, 0x0000000084b80000, 0x00000000d5f00000)
  object space 48640K, 13% used [0x0000000081c00000,0x0000000082264168,0x0000000084b80000)
 Metaspace       used 24179K, capacity 24393K, committed 24576K, reserved 1071104K
  class space    used 2701K, capacity 2763K, committed 2816K, reserved 1048576K
}
Event: 1.229 GC heap before
{Heap before GC invocations=7 (full 1):
 PSYoungGen      total 71680K, used 68989K [0x00000000d5f00000, 0x00000000de480000, 0x0000000100000000)
  eden space 66560K, 100% used [0x00000000d5f00000,0x00000000da000000,0x00000000da000000)
  from space 5120K, 47% used [0x00000000da000000,0x00000000da25f490,0x00000000da500000)
  to   space 8704K, 0% used [0x00000000ddc00000,0x00000000ddc00000,0x00000000de480000)
 ParOldGen       total 48640K, used 6544K [0x0000000081c00000, 0x0000000084b80000, 0x00000000d5f00000)
  object space 48640K, 13% used [0x0000000081c00000,0x0000000082264168,0x0000000084b80000)
 Metaspace       used 24412K, capacity 24617K, committed 24832K, reserved 1071104K
  class space    used 2717K, capacity 2795K, committed 2816K, reserved 1048576K
Event: 1.230 GC heap after
Heap after GC invocations=7 (full 1):
 PSYoungGen      total 125952K, used 1088K [0x00000000d5f00000, 0x00000000de400000, 0x0000000100000000)
  eden space 117760K, 0% used [0x00000000d5f00000,0x00000000d5f00000,0x00000000dd200000)
  from space 8192K, 13% used [0x00000000ddc00000,0x00000000ddd10010,0x00000000de400000)
  to   space 9216K, 0% used [0x00000000dd200000,0x00000000dd200000,0x00000000ddb00000)
 ParOldGen       total 48640K, used 6552K [0x0000000081c00000, 0x0000000084b80000, 0x00000000d5f00000)
  object space 48640K, 13% used [0x0000000081c00000,0x0000000082266168,0x0000000084b80000)
 Metaspace       used 24412K, capacity 24617K, committed 24832K, reserved 1071104K
  class space    used 2717K, capacity 2795K, committed 2816K, reserved 1048576K
}
Event: 1.281 GC heap before
{Heap before GC invocations=8 (full 1):
 PSYoungGen      total 125952K, used 118848K [0x00000000d5f00000, 0x00000000de400000, 0x0000000100000000)
  eden space 117760K, 100% used [0x00000000d5f00000,0x00000000dd200000,0x00000000dd200000)
  from space 8192K, 13% used [0x00000000ddc00000,0x00000000ddd10010,0x00000000de400000)
  to   space 9216K, 0% used [0x00000000dd200000,0x00000000dd200000,0x00000000ddb00000)
 ParOldGen       total 48640K, used 6552K [0x0000000081c00000, 0x0000000084b80000, 0x00000000d5f00000)
  object space 48640K, 13% used [0x0000000081c00000,0x0000000082266168,0x0000000084b80000)
 Metaspace       used 25384K, capacity 25633K, committed 25728K, reserved 1073152K
  class space    used 2819K, capacity 2933K, committed 2944K, reserved 1048576K
Event: 1.283 GC heap after
Heap after GC invocations=8 (full 1):
 PSYoungGen      total 126976K, used 2452K [0x00000000d5f00000, 0x00000000e3a80000, 0x0000000100000000)
  eden space 117760K, 0% used [0x00000000d5f00000,0x00000000d5f00000,0x00000000dd200000)
  from space 9216K, 26% used [0x00000000dd200000,0x00000000dd465180,0x00000000ddb00000)
  to   space 9216K, 0% used [0x00000000e3180000,0x00000000e3180000,0x00000000e3a80000)
 ParOldGen       total 48640K, used 6560K [0x0000000081c00000, 0x0000000084b80000, 0x00000000d5f00000)
  object space 48640K, 13% used [0x0000000081c00000,0x0000000082268168,0x0000000084b80000)
 Metaspace       used 25384K, capacity 25633K, committed 25728K, reserved 1073152K
  class space    used 2819K, capacity 2933K, committed 2944K, reserved 1048576K
}
Event: 1.340 GC heap before
{Heap before GC invocations=9 (full 1):
 PSYoungGen      total 126976K, used 120212K [0x00000000d5f00000, 0x00000000e3a80000, 0x0000000100000000)
  eden space 117760K, 100% used [0x00000000d5f00000,0x00000000dd200000,0x00000000dd200000)
  from space 9216K, 26% used [0x00000000dd200000,0x00000000dd465180,0x00000000ddb00000)
  to   space 9216K, 0% used [0x00000000e3180000,0x00000000e3180000,0x00000000e3a80000)
 ParOldGen       total 48640K, used 6560K [0x0000000081c00000, 0x0000000084b80000, 0x00000000d5f00000)
  object space 48640K, 13% used [0x0000000081c00000,0x0000000082268168,0x0000000084b80000)
 Metaspace       used 25814K, capacity 26119K, committed 26368K, reserved 1073152K
  class space    used 2864K, capacity 2966K, committed 3072K, reserved 1048576K
Event: 1.342 GC heap after
Heap after GC invocations=9 (full 1):
 PSYoungGen      total 211456K, used 3091K [0x00000000d5f00000, 0x00000000e3800000, 0x0000000100000000)
  eden space 204800K, 0% used [0x00000000d5f00000,0x00000000d5f00000,0x00000000e2700000)
  from space 6656K, 46% used [0x00000000e3180000,0x00000000e3484cc0,0x00000000e3800000)
  to   space 8704K, 0% used [0x00000000e2700000,0x00000000e2700000,0x00000000e2f80000)
 ParOldGen       total 48640K, used 6568K [0x0000000081c00000, 0x0000000084b80000, 0x00000000d5f00000)
  object space 48640K, 13% used [0x0000000081c00000,0x000000008226a168,0x0000000084b80000)
 Metaspace       used 25814K, capacity 26119K, committed 26368K, reserved 1073152K
  class space    used 2864K, capacity 2966K, committed 3072K, reserved 1048576K
}
Event: 1.420 GC heap before
{Heap before GC invocations=10 (full 1):
 PSYoungGen      total 211456K, used 207891K [0x00000000d5f00000, 0x00000000e3800000, 0x0000000100000000)
  eden space 204800K, 100% used [0x00000000d5f00000,0x00000000e2700000,0x00000000e2700000)
  from space 6656K, 46% used [0x00000000e3180000,0x00000000e3484cc0,0x00000000e3800000)
  to   space 8704K, 0% used [0x00000000e2700000,0x00000000e2700000,0x00000000e2f80000)
 ParOldGen       total 48640K, used 6568K [0x0000000081c00000, 0x0000000084b80000, 0x00000000d5f00000)
  object space 48640K, 13% used [0x0000000081c00000,0x000000008226a168,0x0000000084b80000)
 Metaspace       used 25900K, capacity 26183K, committed 26624K, reserved 1073152K
  class space    used 2864K, capacity 2966K, committed 3072K, reserved 1048576K
Event: 1.422 GC heap after
Heap after GC invocations=10 (full 1):
 PSYoungGen      total 213504K, used 2477K [0x00000000d5f00000, 0x00000000e8e00000, 0x0000000100000000)
  eden space 204800K, 0% used [0x00000000d5f00000,0x00000000d5f00000,0x00000000e2700000)
  from space 8704K, 28% used [0x00000000e2700000,0x00000000e296b6c0,0x00000000e2f80000)
  to   space 8704K, 0% used [0x00000000e8580000,0x00000000e8580000,0x00000000e8e00000)
 ParOldGen       total 48640K, used 7349K [0x0000000081c00000, 0x0000000084b80000, 0x00000000d5f00000)
  object space 48640K, 15% used [0x0000000081c00000,0x000000008232d578,0x0000000084b80000)
 Metaspace       used 25900K, capacity 26183K, committed 26624K, reserved 1073152K
  class space    used 2864K, capacity 2966K, committed 3072K, reserved 1048576K
}

