# JRE version: Java(TM) SE Runtime Environment (8.0_131-b11) (build 1.8.0_131-b11)
# Java VM: Java HotSpot(TM) 64-Bit Server VM (25.131-b11 mixed mode windows-amd64 compressed oops)
Heap:
 PSYoungGen      total 279552K, used 22528K [0x00000000d5f00000, 0x00000000e9880000, 0x0000000100000000)
  eden space 270848K, 8% used [0x00000000d5f00000,0x00000000d7500130,0x00000000e6780000)
  from space 8704K, 0% used [0x00000000e7d00000,0x00000000e7d00000,0x00000000e8580000)
  to   space 22016K, 0% used [0x00000000e6780000,0x00000000e6780000,0x00000000e7d00000)
 ParOldGen       total 100352K, used 34657K [0x0000000081c00000, 0x0000000087e00000, 0x00000000d5f00000)
  object space 100352K, 34% used [0x0000000081c00000,0x0000000083dd8710,0x0000000087e00000)
 Metaspace       used 32433K, capacity 32777K, committed 33152K, reserved 1079296K
  class space    used 3605K, capacity 3689K, committed 3712K, reserved 1048576K
GC Heap History (10 events):
Event: 1.239 GC heap before
{Heap before GC invocations=8 (full 1):
 PSYoungGen      total 125440K, used 117808K [0x00000000d5f00000, 0x00000000de300000, 0x0000000100000000)
  eden space 116736K, 100% used [0x00000000d5f00000,0x00000000dd100000,0x00000000dd100000)
  from space 8704K, 12% used [0x00000000dda80000,0x00000000ddb8c020,0x00000000de300000)
  to   space 9216K, 0% used [0x00000000dd100000,0x00000000dd100000,0x00000000dda00000)
 ParOldGen       total 49152K, used 6551K [0x0000000081c00000, 0x0000000084c00000, 0x00000000d5f00000)
  object space 49152K, 13% used [0x0000000081c00000,0x0000000082265d90,0x0000000084c00000)
 Metaspace       used 25351K, capacity 25605K, committed 25728K, reserved 1073152K
  class space    used 2813K, capacity 2901K, committed 2944K, reserved 1048576K
Event: 1.241 GC heap after
Heap after GC invocations=8 (full 1):
 PSYoungGen      total 125952K, used 2219K [0x00000000d5f00000, 0x00000000e3680000, 0x0000000100000000)
  eden space 116736K, 0% used [0x00000000d5f00000,0x00000000d5f00000,0x00000000dd100000)
  from space 9216K, 24% used [0x00000000dd100000,0x00000000dd32ae20,0x00000000dda00000)
  to   space 9216K, 0% used [0x00000000e2d80000,0x00000000e2d80000,0x00000000e3680000)
 ParOldGen       total 49152K, used 6559K [0x0000000081c00000, 0x0000000084c00000, 0x00000000d5f00000)
  object space 49152K, 13% used [0x0000000081c00000,0x0000000082267d90,0x0000000084c00000)
 Metaspace       used 25351K, capacity 25605K, committed 25728K, reserved 1073152K
  class space    used 2813K, capacity 2901K, committed 2944K, reserved 1048576K
}
Event: 1.297 GC heap before
{Heap before GC invocations=9 (full 1):
 PSYoungGen      total 125952K, used 118955K [0x00000000d5f00000, 0x00000000e3680000, 0x0000000100000000)
  eden space 116736K, 100% used [0x00000000d5f00000,0x00000000dd100000,0x00000000dd100000)
  from space 9216K, 24% used [0x00000000dd100000,0x00000000dd32ae20,0x00000000dda00000)
  to   space 9216K, 0% used [0x00000000e2d80000,0x00000000e2d80000,0x00000000e3680000)
 ParOldGen       total 49152K, used 6559K [0x0000000081c00000, 0x0000000084c00000, 0x00000000d5f00000)
  object space 49152K, 13% used [0x0000000081c00000,0x0000000082267d90,0x0000000084c00000)
 Metaspace       used 25817K, capacity 26123K, committed 26368K, reserved 1073152K
  class space    used 2863K, capacity 2966K, committed 3072K, reserved 1048576K
Event: 1.300 GC heap after
Heap after GC invocations=9 (full 1):
 PSYoungGen      total 207360K, used 3211K [0x00000000d5f00000, 0x00000000e3400000, 0x0000000100000000)
  eden space 200704K, 0% used [0x00000000d5f00000,0x00000000d5f00000,0x00000000e2300000)
  from space 6656K, 48% used [0x00000000e2d80000,0x00000000e30a2c10,0x00000000e3400000)
  to   space 8704K, 0% used [0x00000000e2300000,0x00000000e2300000,0x00000000e2b80000)
 ParOldGen       total 49152K, used 6559K [0x0000000081c00000, 0x0000000084c00000, 0x00000000d5f00000)
  object space 49152K, 13% used [0x0000000081c00000,0x0000000082267d90,0x0000000084c00000)
 Metaspace       used 25817K, capacity 26123K, committed 26368K, reserved 1073152K
  class space    used 2863K, capacity 2966K, committed 3072K, reserved 1048576K
}
Event: 1.375 GC heap before
{Heap before GC invocations=10 (full 1):
 PSYoungGen      total 207360K, used 203915K [0x00000000d5f00000, 0x00000000e3400000, 0x0000000100000000)
  eden space 200704K, 100% used [0x00000000d5f00000,0x00000000e2300000,0x00000000e2300000)
  from space 6656K, 48% used [0x00000000e2d80000,0x00000000e30a2c10,0x00000000e3400000)
  to   space 8704K, 0% used [0x00000000e2300000,0x00000000e2300000,0x00000000e2b80000)
 ParOldGen       total 49152K, used 6559K [0x0000000081c00000, 0x0000000084c00000, 0x00000000d5f00000)
  object space 49152K, 13% used [0x0000000081c00000,0x0000000082267d90,0x0000000084c00000)
 Metaspace       used 25904K, capacity 26187K, committed 26624K, reserved 1073152K
  class space    used 2863K, capacity 2966K, committed 3072K, reserved 1048576K
Event: 1.378 GC heap after
Heap after GC invocations=10 (full 1):
 PSYoungGen      total 209408K, used 2702K [0x00000000d5f00000, 0x00000000e8580000, 0x0000000100000000)
  eden space 200704K, 0% used [0x00000000d5f00000,0x00000000d5f00000,0x00000000e2300000)
  from space 8704K, 31% used [0x00000000e2300000,0x00000000e25a3930,0x00000000e2b80000)
  to   space 8704K, 0% used [0x00000000e7d00000,0x00000000e7d00000,0x00000000e8580000)
 ParOldGen       total 49152K, used 7312K [0x0000000081c00000, 0x0000000084c00000, 0x00000000d5f00000)
  object space 49152K, 14% used [0x0000000081c00000,0x00000000823241b0,0x0000000084c00000)
 Metaspace       used 25904K, capacity 26187K, committed 26624K, reserved 1073152K
  class space    used 2863K, capacity 2966K, committed 3072K, reserved 1048576K
}
Event: 4.953 GC heap before
{Heap before GC invocations=11 (full 1):
 PSYoungGen      total 209408K, used 203406K [0x00000000d5f00000, 0x00000000e8580000, 0x0000000100000000)
  eden space 200704K, 100% used [0x00000000d5f00000,0x00000000e2300000,0x00000000e2300000)
  from space 8704K, 31% used [0x00000000e2300000,0x00000000e25a3930,0x00000000e2b80000)
  to   space 8704K, 0% used [0x00000000e7d00000,0x00000000e7d00000,0x00000000e8580000)
 ParOldGen       total 49152K, used 7312K [0x0000000081c00000, 0x0000000084c00000, 0x00000000d5f00000)
  object space 49152K, 14% used [0x0000000081c00000,0x00000000823241b0,0x0000000084c00000)
 Metaspace       used 32140K, capacity 32463K, committed 32640K, reserved 1079296K
  class space    used 3602K, capacity 3690K, committed 3712K, reserved 1048576K
Event: 4.965 GC heap after
Heap after GC invocations=11 (full 1):
 PSYoungGen      total 279552K, used 8703K [0x00000000d5f00000, 0x00000000e9880000, 0x0000000100000000)
  eden space 270848K, 0% used [0x00000000d5f00000,0x00000000d5f00000,0x00000000e6780000)
  from space 8704K, 99% used [0x00000000e7d00000,0x00000000e857fd98,0x00000000e8580000)
  to   space 22016K, 0% used [0x00000000e6780000,0x00000000e6780000,0x00000000e7d00000)
 ParOldGen       total 49152K, used 40438K [0x0000000081c00000, 0x0000000084c00000, 0x00000000d5f00000)
  object space 49152K, 82% used [0x0000000081c00000,0x000000008437d8a8,0x0000000084c00000)
 Metaspace       used 32140K, capacity 32463K, committed 32640K, reserved 1079296K
  class space    used 3602K, capacity 3690K, committed 3712K, reserved 1048576K
}
Event: 4.965 GC heap before
{Heap before GC invocations=12 (full 2):
 PSYoungGen      total 279552K, used 8703K [0x00000000d5f00000, 0x00000000e9880000, 0x0000000100000000)
  eden space 270848K, 0% used [0x00000000d5f00000,0x00000000d5f00000,0x00000000e6780000)
  from space 8704K, 99% used [0x00000000e7d00000,0x00000000e857fd98,0x00000000e8580000)
  to   space 22016K, 0% used [0x00000000e6780000,0x00000000e6780000,0x00000000e7d00000)
 ParOldGen       total 49152K, used 40438K [0x0000000081c00000, 0x0000000084c00000, 0x00000000d5f00000)
  object space 49152K, 82% used [0x0000000081c00000,0x000000008437d8a8,0x0000000084c00000)
 Metaspace       used 32140K, capacity 32463K, committed 32640K, reserved 1079296K
  class space    used 3602K, capacity 3690K, committed 3712K, reserved 1048576K
Event: 4.987 GC heap after
Heap after GC invocations=12 (full 2):
 PSYoungGen      total 279552K, used 0K [0x00000000d5f00000, 0x00000000e9880000, 0x0000000100000000)
  eden space 270848K, 0% used [0x00000000d5f00000,0x00000000d5f00000,0x00000000e6780000)
  from space 8704K, 0% used [0x00000000e7d00000,0x00000000e7d00000,0x00000000e8580000)
  to   space 22016K, 0% used [0x00000000e6780000,0x00000000e6780000,0x00000000e7d00000)
 ParOldGen       total 100352K, used 34657K [0x0000000081c00000, 0x0000000087e00000, 0x00000000d5f00000)
  object space 100352K, 34% used [0x0000000081c00000,0x0000000083dd8710,0x0000000087e00000)
 Metaspace       used 32136K, capacity 32457K, committed 32640K, reserved 1079296K
  class space    used 3602K, capacity 3689K, committed 3712K, reserved 1048576K
}

